Unity Editor version:    6000.0.35f1 (9a3bc604008a)
Branch:                  6000.0/release
Build type:              Release
Batch mode:              YES
macOS version:           Version 13.7.4 (Build 22H420)
Darwin version:          22.6.0
Architecture:            x86_64
Running under Rosetta:   NO
Available memory:        16384 MB
Using pre-set license
Pro License: YES

COMMAND LINE ARGUMENTS:
/Applications/ABC Unity/Hub/Editor/6000.0.35f1/Unity.app/Contents/MacOS/Unity
-adb2
-batchMode
-noUpm
-name
AssetImportWorker0
-projectPath
/Users/yuliankhuda/Documents/GitHub/EscapeBunker/EscapeBunker
-logFile
Logs/AssetImportWorker0.log
-srvPort
52702
-job-worker-count
3
-background-job-worker-count
8
-gc-helper-count
1
Successfully changed project path to: /Users/yuliankhuda/Documents/GitHub/EscapeBunker/EscapeBunker
/Users/yuliankhuda/Documents/GitHub/EscapeBunker/EscapeBunker
[UnityMemory] Configuration Parameters - Can be set up in boot.config
    "memorysetup-bucket-allocator-granularity=16"
    "memorysetup-bucket-allocator-bucket-count=8"
    "memorysetup-bucket-allocator-block-size=33554432"
    "memorysetup-bucket-allocator-block-count=8"
    "memorysetup-main-allocator-block-size=16777216"
    "memorysetup-thread-allocator-block-size=16777216"
    "memorysetup-gfx-main-allocator-block-size=16777216"
    "memorysetup-gfx-thread-allocator-block-size=16777216"
    "memorysetup-cache-allocator-block-size=4194304"
    "memorysetup-typetree-allocator-block-size=2097152"
    "memorysetup-profiler-bucket-allocator-granularity=16"
    "memorysetup-profiler-bucket-allocator-bucket-count=8"
    "memorysetup-profiler-bucket-allocator-block-size=33554432"
    "memorysetup-profiler-bucket-allocator-block-count=8"
    "memorysetup-profiler-allocator-block-size=16777216"
    "memorysetup-profiler-editor-allocator-block-size=1048576"
    "memorysetup-temp-allocator-size-main=16777216"
    "memorysetup-job-temp-allocator-block-size=2097152"
    "memorysetup-job-temp-allocator-block-size-background=1048576"
    "memorysetup-job-temp-allocator-reduction-small-platforms=262144"
    "memorysetup-allocator-temp-initial-block-size-main=262144"
    "memorysetup-allocator-temp-initial-block-size-worker=262144"
    "memorysetup-temp-allocator-size-background-worker=32768"
    "memorysetup-temp-allocator-size-job-worker=262144"
    "memorysetup-temp-allocator-size-preload-manager=33554432"
    "memorysetup-temp-allocator-size-nav-mesh-worker=65536"
    "memorysetup-temp-allocator-size-audio-worker=65536"
    "memorysetup-temp-allocator-size-cloud-worker=32768"
    "memorysetup-temp-allocator-size-gi-baking-worker=262144"
    "memorysetup-temp-allocator-size-gi-baking-worker=262144"
    "memorysetup-temp-allocator-size-gi-baking-worker=262144"
    "memorysetup-temp-allocator-size-gi-baking-worker=262144"
    "memorysetup-temp-allocator-size-gi-baking-worker=262144"
    "memorysetup-temp-allocator-size-gfx=262144"
Player connection [140704712657344]  Target information:

Player connection [140704712657344]  * "[IP] 127.94.0.1 [Port] 0 [Flags] 2 [Guid] 2309308353 [EditorId] 2309308353 [Version] 1048832 [Id] OSXEditor(0,MacBook-Pro-yulian.local) [Debug] 1 [PackageName] OSXEditor [ProjectName] Editor" 

Player connection [140704712657344]  * "[IP] 127.94.0.2 [Port] 0 [Flags] 2 [Guid] 2309308353 [EditorId] 2309308353 [Version] 1048832 [Id] OSXEditor(0,MacBook-Pro-yulian.local) [Debug] 1 [PackageName] OSXEditor [ProjectName] Editor" 

Player connection [140704712657344]  * "[IP] 10.71.204.111 [Port] 0 [Flags] 2 [Guid] 2309308353 [EditorId] 2309308353 [Version] 1048832 [Id] OSXEditor(0,MacBook-Pro-yulian.local) [Debug] 1 [PackageName] OSXEditor [ProjectName] Editor" 

Player connection [140704712657344] Host joined multi-casting on [225.0.0.222:54997]...
Player connection [140704712657344] Host joined alternative multi-casting on [225.0.0.222:34997]...
JobSystem: Creating JobQueue using job-worker-count value 3
Input System module state changed to: Initialized.
[Physics::Module] Initialized fallback backend.
[Physics::Module] Id: 0xdecafbad
Library Redirect Path: Library/
[Physics::Module] Selected backend.
[Physics::Module] Name: PhysX
[Physics::Module] Id: 0xf2b8ea05
[Physics::Module] SDK Version: 4.1.2
[Physics::Module] Integration Version: 1.0.0
[Physics::Module] Threading Mode: Multi-Threaded
Refreshing native plugins compatible for Editor in 2.33 ms, found 2 plugins.
Preloading 0 native plugins for Editor in 0.00 ms.
Initialize engine version: 6000.0.35f1 (9a3bc604008a)
[Subsystems] Discovering subsystems at path /Applications/ABC Unity/Hub/Editor/6000.0.35f1/Unity.app/Contents/Resources/UnitySubsystems
[Subsystems] Discovering subsystems at path /Users/yuliankhuda/Documents/GitHub/EscapeBunker/EscapeBunker/Assets
GfxDevice: creating device client; kGfxThreadingModeNonThreaded
Color LCD preferred device: AMD Radeon Pro 560 (high power)
Metal devices available: 2
0: AMD Radeon Pro 560 (high power)
1: Intel(R) HD Graphics 630 (low power)
Using device AMD Radeon Pro 560 (high power)
Initializing Metal device caps: AMD Radeon Pro 560
Initialize mono
Mono path[0] = '/Applications/ABC Unity/Hub/Editor/6000.0.35f1/Unity.app/Contents/Managed'
Mono path[1] = '/Applications/ABC Unity/Hub/Editor/6000.0.35f1/Unity.app/Contents/MonoBleedingEdge/lib/mono/unityjit-macos'
Mono config path = '/Applications/ABC Unity/Hub/Editor/6000.0.35f1/Unity.app/Contents/MonoBleedingEdge/etc'
Using monoOptions --debugger-agent=transport=dt_socket,embedding=1,server=y,suspend=n,address=127.0.0.1:56481
Begin MonoManager ReloadAssembly
Registering precompiled unity dll's ...
Register platform support module: /Applications/ABC Unity/Hub/Editor/6000.0.35f1/Unity.app/Contents/PlaybackEngines/MacStandaloneSupport/UnityEditor.OSXStandalone.Extensions.dll
Registered in 0.007585 seconds.
- Loaded All Assemblies, in  1.218 seconds
Native extension for OSXStandalone target not found
Mono: successfully reloaded assembly
- Finished resetting the current domain, in  1.485 seconds
Domain Reload Profiling: 2702ms
	BeginReloadAssembly (366ms)
		ExecutionOrderSort (0ms)
		DisableScriptedObjects (0ms)
		BackupInstance (0ms)
		ReleaseScriptingObjects (0ms)
		CreateAndSetChildDomain (1ms)
	RebuildCommonClasses (119ms)
	RebuildNativeTypeToScriptingClass (34ms)
	initialDomainReloadingComplete (253ms)
	LoadAllAssembliesAndSetupDomain (445ms)
		LoadAssemblies (361ms)
		RebuildTransferFunctionScriptingTraits (0ms)
		AnalyzeDomain (437ms)
			TypeCache.Refresh (434ms)
				TypeCache.ScanAssembly (402ms)
			BuildScriptInfoCaches (0ms)
			ResolveRequiredComponents (1ms)
	FinalizeReload (1486ms)
		ReleaseScriptCaches (0ms)
		RebuildScriptCaches (0ms)
		SetupLoadedEditorAssemblies (1351ms)
			LogAssemblyErrors (0ms)
			InitializePlatformSupportModulesInManaged (122ms)
			SetLoadedEditorAssemblies (15ms)
			BeforeProcessingInitializeOnLoad (223ms)
			ProcessInitializeOnLoadAttributes (851ms)
			ProcessInitializeOnLoadMethodAttributes (140ms)
			AfterProcessingInitializeOnLoad (0ms)
			EditorAssembliesLoaded (0ms)
		ExecutionOrderSort2 (0ms)
		AwakeInstancesAfterBackupRestoration (0ms)
Assertion failed on expression: 'IsFileCreated(assemblyPath)'
Assertion failed on expression: 'IsFileCreated(assemblyPath)'
Assertion failed on expression: 'IsFileCreated(assemblyPath)'
Assertion failed on expression: 'IsFileCreated(assemblyPath)'
Assertion failed on expression: 'IsFileCreated(assemblyPath)'
Assertion failed on expression: 'IsFileCreated(assemblyPath)'
Compilation Pipeline: Could not read file Packages/com.unity.collab-proxy/Editor/Toolbar/Unity.CollabProxy.Editor.asmdef
Fatal Error! Compilation Pipeline: Could not read file Packages/com.unity.collab-proxy/Editor/Toolbar/Unity.CollabProxy.Editor.asmdef
Obtained 35 stack frames.
#0  0x007ff81af94196 in __pthread_kill
#1  0x007ff81aef2b45 in abort
#2  0x00000110aacabe in CrashDontLaunchBugReporter()
#3  0x0000010f3e99e2 in EditorMonoConsole::LogToConsoleImplementation(CppLogEntry&)
#4  0x0000010f3e94aa in EditorMonoConsole::LogToConsoleImplementation(DebugStringToFileData const&)
#5  0x0000010f3eb355 in LogToConsoleImplementation(DebugStringToFileData const&)
#6  0x0000011028cc6e in DebugStringToFilePostprocessedStacktrace(DebugStringToFileData const&)
#7  0x0000011028d700 in DebugStringToFile(DebugStringToFileData const&)
#8  0x0000010fab8d74 in RegisterAssemblyDefinition(core::basic_string<char, core::StringStorageDefault<char>> const&)
#9  0x0000010ff06e08 in UpdateScriptCompilationPipelineCaches(ScriptChanges const&, bool)
#10 0x0000010fd7ab9a in InitializeScriptPipelineCaches()
#11 0x0000010f50eb8c in Application::InitializeProject()
#12 0x00000110ab537b in -[EditorApplication applicationDidFinishLaunching:]
#13 0x007ff81b09d668 in __CFNOTIFICATIONCENTER_IS_CALLING_OUT_TO_AN_OBSERVER__
#14 0x007ff81b1363de in ___CFXRegistrationPost_block_invoke
#15 0x007ff81b136333 in _CFXRegistrationPost
#16 0x007ff81b070907 in _CFXNotificationPost
#17 0x007ff81bede8e0 in -[NSNotificationCenter postNotificationName:object:userInfo:]
#18 0x007ff81e14ca02 in -[NSApplication _postDidFinishNotification]
#19 0x007ff81e14c752 in -[NSApplication _sendFinishLaunchingNotification]
#20 0x007ff81e14a472 in -[NSApplication(NSAppleEventHandling) _handleAEOpenEvent:]
#21 0x007ff81e14a0c8 in -[NSApplication(NSAppleEventHandling) _handleCoreEvent:withReplyEvent:]
#22 0x007ff81bf09854 in -[NSAppleEventManager dispatchRawAppleEvent:withRawReply:handlerRefCon:]
#23 0x007ff81bf096c6 in _NSAppleEventManagerGenericHandler
#24 0x007ff8214fd067 in _AppleEventsCheckInAppWithBlock
#25 0x007ff8214fc8d3 in _AppleEventsCheckInAppWithBlock
#26 0x007ff8214f5ee8 in aeProcessAppleEvent
#27 0x007ff824b42c48 in AEProcessAppleEvent
#28 0x007ff81e145052 in _DPSNextEvent
#29 0x007ff81e143bb2 in -[NSApplication(NSEvent) _nextEventMatchingEventMask:untilDate:inMode:dequeue:]
#30 0x007ff81e136227 in -[NSApplication run]
#31 0x007ff81e10a441 in NSApplicationMain
#32 0x00000110acd34b in EditorMain(int, char const**)
#33 0x00000110acd669 in main
#34 0x007ff81ac71418 in start
